<?xml version="1.0" encoding="UTF-8"?>
<testsuite name="hello.RomanNumberConverterTest" tests="1" skipped="0" failures="0" errors="0" timestamp="2019-04-04T08:18:55" hostname="localhost" time="0.073">
  <properties/>
  <testcase name="check" classname="hello.RomanNumberConverterTest" time="0.073"/>
  <system-out><![CDATA[]]></system-out>
  <system-err><![CDATA[]]></system-err>
</testsuite>
